#
# There is insufficient memory for the Java Runtime Environment to continue.
# Native memory allocation (mmap) failed to map 31457280 bytes for Failed to commit area from 0x00000000e2a00000 to 0x00000000e4800000 of length 31457280.
# Possible reasons:
#   The system is out of physical RAM or swap space
#   The process is running with CompressedOops enabled, and the Java Heap may be blocking the growth of the native heap
# Possible solutions:
#   Reduce memory load on the system
#   Increase physical memory or swap space
#   Check if swap backing store is full
#   Decrease Java heap size (-Xmx/-Xms)
#   Decrease number of Java threads
#   Decrease Java thread stack sizes (-Xss)
#   Set larger code cache with -XX:ReservedCodeCacheSize=
# This output file may be truncated or incomplete.
#
#  Out of Memory Error (./src/hotspot/os/windows/os_windows.cpp:3301), pid=5260, tid=1888
#
# JRE version:  (11.0.11+9) (build )
# Java VM: OpenJDK 64-Bit Server VM (11.0.11+9-b60-7590822, mixed mode, sharing, tiered, compressed oops, g1 gc, windows-amd64)
# No core dump will be written. Minidumps are not enabled by default on client versions of Windows
#

---------------  S U M M A R Y ------------

Command Line: org.jetbrains.git4idea.http.GitAskPassApp Username for 'https://github.com': 

Host: Intel(R) Celeron(R) CPU N3350 @ 1.10GHz, 2 cores, 1G,  Windows 10 , 64 bit Build 19041 (10.0.19041.2913)
Time: Fri Jul 21 09:43:49 2023 SE Asia Standard Time elapsed time: 1.524948 seconds (0d 0h 0m 1s)

---------------  T H R E A D  ---------------

Current thread (0x00000279f310e000):  JavaThread "Unknown thread" [_thread_in_vm, id=1888, stack(0x000000feaef00000,0x000000feaf000000)]

Stack: [0x000000feaef00000,0x000000feaf000000]
Native frames: (J=compiled Java code, j=interpreted, Vv=VM code, C=native code)
V  [jvm.dll+0x5f214a]
V  [jvm.dll+0x726fb5]
V  [jvm.dll+0x7285cd]
V  [jvm.dll+0x728c83]
V  [jvm.dll+0x243278]
V  [jvm.dll+0x5ef544]
V  [jvm.dll+0x5e4495]
V  [jvm.dll+0x2fec5b]
V  [jvm.dll+0x2febca]
V  [jvm.dll+0x2feaa2]
V  [jvm.dll+0x303986]
V  [jvm.dll+0x34c3a3]
V  [jvm.dll+0x34caa6]
V  [jvm.dll+0x34c4a3]
V  [jvm.dll+0x2d9688]
V  [jvm.dll+0x2da837]
V  [jvm.dll+0x705ba7]
V  [jvm.dll+0x70739c]
V  [jvm.dll+0x3598f9]
V  [jvm.dll+0x6e931e]
V  [jvm.dll+0x3c1c43]
V  [jvm.dll+0x3c3e81]
C  [jli.dll+0x5373]
C  [ucrtbase.dll+0x21bb2]
C  [KERNEL32.DLL+0x17614]
C  [ntdll.dll+0x526a1]


---------------  P R O C E S S  ---------------

Threads class SMR info:
_java_thread_list=0x00000279f0fbe670, length=0, elements={
}

Java Threads: ( => current thread )

Other Threads:
  0x00000279f3121000 GCTaskThread "GC Thread#0" [stack: 0x000000feaf000000,0x000000feaf100000] [id=6988]
  0x00000279f3132000 ConcurrentGCThread "G1 Main Marker" [stack: 0x000000feaf100000,0x000000feaf200000] [id=852]
  0x00000279f3133800 ConcurrentGCThread "G1 Conc#0" [stack: 0x000000feaf200000,0x000000feaf300000] [id=5676]

[error occurred during error reporting (printing all threads), id 0xc0000005, EXCEPTION_ACCESS_VIOLATION (0xc0000005) at pc=0x00007fff2b569c47]

VM state:not at safepoint (not fully initialized)

VM Mutex/Monitor currently owned by a thread:  ([mutex/lock_event])
[0x00000279f310b310] Heap_lock - owner thread: 0x00000279f310e000

Heap address: 0x00000000e2a00000, size: 470 MB, Compressed Oops mode: Non-zero based: 0x00000000e2a00000
Narrow klass base: 0x0000000000000000, Narrow klass shift: 0

GC Heap History (0 events):
No events

Deoptimization events (0 events):
No events

Classes redefined (0 events):
No events

Internal exceptions (0 events):
No events

Events (1 events):
Event: 0.213 Loaded shared library D:\android\jre\bin\zip.dll


Dynamic libraries:
0x00007ff78d750000 - 0x00007ff78d75a000 	D:\android\jre\bin\java.exe
0x00007fff881f0000 - 0x00007fff883e8000 	C:\WINDOWS\SYSTEM32\ntdll.dll
0x00007fff87770000 - 0x00007fff8782f000 	C:\WINDOWS\System32\KERNEL32.DLL
0x00007fff85d50000 - 0x00007fff86046000 	C:\WINDOWS\System32\KERNELBASE.dll
0x00007fff85c50000 - 0x00007fff85d50000 	C:\WINDOWS\System32\ucrtbase.dll
0x00007fff7d690000 - 0x00007fff7d6a9000 	D:\android\jre\bin\jli.dll
0x00007fff87980000 - 0x00007fff87b1d000 	C:\WINDOWS\System32\USER32.dll
0x00007fff858d0000 - 0x00007fff858f2000 	C:\WINDOWS\System32\win32u.dll
0x00007fff87510000 - 0x00007fff8753c000 	C:\WINDOWS\System32\GDI32.dll
0x00007fff85aa0000 - 0x00007fff85bb5000 	C:\WINDOWS\System32\gdi32full.dll
0x00007fff86050000 - 0x00007fff860ed000 	C:\WINDOWS\System32\msvcp_win.dll
0x00007fff7d6b0000 - 0x00007fff7d6c7000 	D:\android\jre\bin\VCRUNTIME140.dll
0x00007fff74a20000 - 0x00007fff74cba000 	C:\WINDOWS\WinSxS\amd64_microsoft.windows.common-controls_6595b64144ccf1df_6.0.19041.1110_none_60b5254171f9507e\COMCTL32.dll
0x00007fff875b0000 - 0x00007fff8764e000 	C:\WINDOWS\System32\msvcrt.dll
0x00007fff87950000 - 0x00007fff87980000 	C:\WINDOWS\System32\IMM32.DLL
0x00007fff75a20000 - 0x00007fff75abd000 	D:\android\jre\bin\msvcp140.dll
0x00007fff2b280000 - 0x00007fff2bd55000 	D:\android\jre\bin\server\jvm.dll
0x00007fff86b90000 - 0x00007fff86c3f000 	C:\WINDOWS\System32\ADVAPI32.dll
0x00007fff878b0000 - 0x00007fff8794c000 	C:\WINDOWS\System32\sechost.dll
0x00007fff87220000 - 0x00007fff87346000 	C:\WINDOWS\System32\RPCRT4.dll
0x00007fff87cd0000 - 0x00007fff87cd8000 	C:\WINDOWS\System32\PSAPI.DLL
0x00007fff82210000 - 0x00007fff82219000 	C:\WINDOWS\SYSTEM32\WSOCK32.dll
0x00007fff87370000 - 0x00007fff873db000 	C:\WINDOWS\System32\WS2_32.dll
0x00007fff7b730000 - 0x00007fff7b73a000 	C:\WINDOWS\SYSTEM32\VERSION.dll
0x00007fff74ce0000 - 0x00007fff74d07000 	C:\WINDOWS\SYSTEM32\WINMM.dll
0x00007fff83790000 - 0x00007fff837a2000 	C:\WINDOWS\SYSTEM32\kernel.appcore.dll
0x00007fff7e330000 - 0x00007fff7e341000 	D:\android\jre\bin\verify.dll
0x00007fff74830000 - 0x00007fff74a14000 	C:\WINDOWS\SYSTEM32\DBGHELP.DLL
0x00007fff747f0000 - 0x00007fff74824000 	C:\WINDOWS\SYSTEM32\dbgcore.DLL
0x00007fff85bc0000 - 0x00007fff85c42000 	C:\WINDOWS\System32\bcryptPrimitives.dll
0x00007fff7d660000 - 0x00007fff7d689000 	D:\android\jre\bin\java.dll
0x00007fff82200000 - 0x00007fff8220b000 	D:\android\jre\bin\jimage.dll
0x00007fff7d640000 - 0x00007fff7d658000 	D:\android\jre\bin\zip.dll

dbghelp: loaded successfully - version: 4.0.5 - missing functions: none
symbol engine: initialized successfully - sym options: 0x614 - pdb path: .;D:\android\jre\bin;C:\WINDOWS\SYSTEM32;C:\WINDOWS\WinSxS\amd64_microsoft.windows.common-controls_6595b64144ccf1df_6.0.19041.1110_none_60b5254171f9507e;D:\android\jre\bin\server

VM Arguments:
java_command: org.jetbrains.git4idea.http.GitAskPassApp Username for 'https://github.com': 
java_class_path (initial): D:/android/plugins/git4idea/lib/git4idea-rt.jar;D:/android/lib/xmlrpc-2.0.1.jar;D:/android/lib/commons-codec-1.15.jar
Launcher Type: SUN_STANDARD

[Global flags]
     intx CICompilerCount                          = 2                                         {product} {ergonomic}
     uint ConcGCThreads                            = 1                                         {product} {ergonomic}
     uint G1ConcRefinementThreads                  = 2                                         {product} {ergonomic}
   size_t G1HeapRegionSize                         = 1048576                                   {product} {ergonomic}
    uintx GCDrainStackTargetSize                   = 64                                        {product} {ergonomic}
   size_t InitialHeapSize                          = 31457280                                  {product} {ergonomic}
   size_t MarkStackSize                            = 4194304                                   {product} {ergonomic}
   size_t MaxHeapSize                              = 492830720                                 {product} {ergonomic}
   size_t MinHeapDeltaBytes                        = 1048576                                   {product} {ergonomic}
    uintx NonNMethodCodeHeapSize                   = 5825164                                {pd product} {ergonomic}
    uintx NonProfiledCodeHeapSize                  = 122916538                              {pd product} {ergonomic}
    uintx ProfiledCodeHeapSize                     = 122916538                              {pd product} {ergonomic}
    uintx ReservedCodeCacheSize                    = 251658240                              {pd product} {ergonomic}
     bool SegmentedCodeCache                       = true                                      {product} {ergonomic}
     bool UseCompressedClassPointers               = true                                 {lp64_product} {ergonomic}
     bool UseCompressedOops                        = true                                 {lp64_product} {ergonomic}
     bool UseG1GC                                  = true                                      {product} {ergonomic}
     bool UseLargePagesIndividualAllocation        = false                                  {pd product} {ergonomic}

Logging:
Log output configuration:
 #0: stdout all=warning uptime,level,tags
 #1: stderr all=off uptime,level,tags

Environment Variables:
PATH=C:\Program Files\Git\mingw64\libexec\git-core;C:\Program Files\Git\mingw64\libexec\git-core;C:\Program Files\Git\mingw64\bin;C:\Program Files\Git\usr\bin;C:\Users\user\bin;C:\WINDOWS\system32;C:\WINDOWS;C:\WINDOWS\System32\Wbem;C:\WINDOWS\System32\WindowsPowerShell\v1.0;C:\WINDOWS\System32\OpenSSH;D:\xampp\php;C:\ProgramData\ComposerSetup\bin;C:\Program Files\Git\cmd;C:\Users\user\AppData\Local\Microsoft\WindowsApps;C:\Users\user\AppData\Local\Programs\Microsoft VS Code\bin;C:\Users\user\AppData\Roaming\Composer\vendor\bin
USERNAME=user
DISPLAY=:0.0
LC_ALL=en_US.UTF-8
OS=Windows_NT
PROCESSOR_IDENTIFIER=Intel64 Family 6 Model 92 Stepping 9, GenuineIntel



---------------  S Y S T E M  ---------------

OS: Windows 10 , 64 bit Build 19041 (10.0.19041.2913)
OS uptime: 0 days 0:54 hours

CPU:total 2 (initial active 2) (2 cores per cpu, 1 threads per core) family 6 model 92 stepping 9 microcode 0x32, cmov, cx8, fxsr, mmx, sse, sse2, sse3, ssse3, sse4.1, sse4.2, popcnt, aes, clmul, erms, 3dnowpref, tsc, tscinvbit, sha

Memory: 4k page, system-wide physical 1876M (356M free)
TotalPageFile size 3924M (AvailPageFile size 20M)
current process WorkingSet (physical memory assigned to process): 9M, peak: 9M
current process commit charge ("private bytes"): 47M, peak: 77M

vm_info: OpenJDK 64-Bit Server VM (11.0.11+9-b60-7590822) for windows-amd64 JRE (11.0.11+9-b60-7590822), built on Jul 29 2021 21:43:44 by "builder" with MS VC++ 14.0 (VS2015)

END.
